<?xml version="1.0" encoding="UTF-8"?>
<robot generator="Robot 6.0.1 (Python 3.11.1 on win32)" generated="20230118 12:31:46.701" rpa="false" schemaversion="3">
<suite id="s1" name="Amazon Testes Gherkin Bdd" source="C:\CursoUdemy\RobotFramework\Web Testing\amazon_testes_gherkin_bdd.robot">
<test id="s1-t1" name="Caso de teste 01 - Acesso ao menu &quot;Eletrônicos&quot;" line="9">
<kw name="Abrir o navegador" library="amazon_resources" type="SETUP">
<kw name="Open Browser" library="SeleniumLibrary">
<arg>browser=${BROWSER}</arg>
<doc>Opens a new browser instance to the optional ``url``.</doc>
<msg timestamp="20230118 12:31:46.952" level="INFO">Opening browser 'chrome' to base url 'None'.</msg>
<status status="PASS" starttime="20230118 12:31:46.951" endtime="20230118 12:31:48.683"/>
</kw>
<kw name="Maximize Browser Window" library="SeleniumLibrary">
<doc>Maximizes current browser window.</doc>
<status status="PASS" starttime="20230118 12:31:48.684" endtime="20230118 12:31:48.815"/>
</kw>
<status status="PASS" starttime="20230118 12:31:46.951" endtime="20230118 12:31:48.815"/>
</kw>
<kw name=" Dado que estou na home page da Amazon.com.br" library="amazon_resources">
<kw name="Acessar a home page do site Amazon.com.br" library="amazon_resources">
<kw name="Go To" library="SeleniumLibrary">
<arg>url= ${URL}</arg>
<doc>Navigates the current browser window to the provided ``url``.</doc>
<msg timestamp="20230118 12:31:48.817" level="INFO">Opening url ' http://www.amazon.com.br'</msg>
<status status="PASS" starttime="20230118 12:31:48.817" endtime="20230118 12:31:52.430"/>
</kw>
<kw name="Wait Until Element Is Visible" library="SeleniumLibrary">
<arg>locator=${MENU_ELETRONICOS}</arg>
<doc>Waits until the element ``locator`` is visible.</doc>
<status status="PASS" starttime="20230118 12:31:52.430" endtime="20230118 12:31:52.489"/>
</kw>
<status status="PASS" starttime="20230118 12:31:48.817" endtime="20230118 12:31:52.489"/>
</kw>
<kw name="Verificar se o título da página fica &quot;Amazon.com.br | Tudo pra você, de A a Z.&quot;" library="amazon_resources" sourcename="Verificar se o título da página fica &quot;${TITULO}&quot;">
<kw name="Title Should Be" library="SeleniumLibrary">
<arg>title=${TITULO}</arg>
<doc>Verifies that the current page title equals ``title``.</doc>
<msg timestamp="20230118 12:31:52.498" level="INFO">Page title is 'Amazon.com.br | Tudo pra você, de A a Z.'.</msg>
<status status="PASS" starttime="20230118 12:31:52.489" endtime="20230118 12:31:52.498"/>
</kw>
<status status="PASS" starttime="20230118 12:31:52.489" endtime="20230118 12:31:52.498"/>
</kw>
<status status="PASS" starttime="20230118 12:31:48.816" endtime="20230118 12:31:52.499"/>
</kw>
<kw name="Quando acessar o menu &quot;Eletrônicos&quot;" library="amazon_resources">
<kw name="Entrar no menu &quot;Eletrônicos&quot;" library="amazon_resources">
<kw name="Click Element" library="SeleniumLibrary">
<arg>locator=${MENU_ELETRONICOS}</arg>
<doc>Click the element identified by ``locator``.</doc>
<msg timestamp="20230118 12:31:52.502" level="INFO">Clicking element '//a[@href='/Eletronicos-e-Tecnologia/b/?ie=UTF8&amp;node=16209062011&amp;ref_=nav_cs_electronics'][contains(.,'Eletrônicos')]'.</msg>
<status status="PASS" starttime="20230118 12:31:52.501" endtime="20230118 12:31:53.562"/>
</kw>
<status status="PASS" starttime="20230118 12:31:52.500" endtime="20230118 12:31:53.563"/>
</kw>
<status status="PASS" starttime="20230118 12:31:52.500" endtime="20230118 12:31:53.563"/>
</kw>
<kw name="Então o título da página deve ficar &quot;Eletrônicos e Tecnologia | Amazon.com.br&quot;" library="amazon_resources">
<kw name="Verificar se o título da página fica &quot;Eletrônicos e Tecnologia | Amazon.com.br&quot;" library="amazon_resources" sourcename="Verificar se o título da página fica &quot;${TITULO}&quot;">
<kw name="Title Should Be" library="SeleniumLibrary">
<arg>title=${TITULO}</arg>
<doc>Verifies that the current page title equals ``title``.</doc>
<msg timestamp="20230118 12:31:53.811" level="INFO">Page title is 'Eletrônicos e Tecnologia | Amazon.com.br'.</msg>
<status status="PASS" starttime="20230118 12:31:53.569" endtime="20230118 12:31:53.811"/>
</kw>
<status status="PASS" starttime="20230118 12:31:53.568" endtime="20230118 12:31:53.812"/>
</kw>
<status status="PASS" starttime="20230118 12:31:53.566" endtime="20230118 12:31:53.812"/>
</kw>
<kw name="E o texto &quot;Eletrônicos e Tecnologia&quot; deve ser exibido na página" library="amazon_resources">
<kw name="Verificar se aparece a frase &quot;Eletrônicos e Tecnologia&quot;" library="amazon_resources" sourcename="Verificar se aparece a frase &quot;${FRASE}&quot;">
<kw name="Wait Until Page Contains" library="SeleniumLibrary">
<arg>text=${FRASE}</arg>
<doc>Waits until ``text`` appears on the current page.</doc>
<status status="PASS" starttime="20230118 12:31:53.819" endtime="20230118 12:31:53.946"/>
</kw>
<kw name="Wait Until Element Is Enabled" library="SeleniumLibrary">
<arg>locator=${HEADER_ELETRONICOS}</arg>
<doc>Waits until the element ``locator`` is enabled.</doc>
<status status="PASS" starttime="20230118 12:31:53.946" endtime="20230118 12:31:55.237"/>
</kw>
<status status="PASS" starttime="20230118 12:31:53.818" endtime="20230118 12:31:55.237"/>
</kw>
<status status="PASS" starttime="20230118 12:31:53.818" endtime="20230118 12:31:55.237"/>
</kw>
<kw name="E a categoria &quot;Computadores e Informática&quot; deve ser exibida na página" library="amazon_resources">
<kw name="Verificar se aparece a categoria &quot;Computadores e Informática&quot;" library="amazon_resources">
<kw name="Element Should Be Visible" library="SeleniumLibrary">
<arg>locator=${CATEGORIA}</arg>
<doc>Verifies that the element identified by ``locator`` is visible.</doc>
<msg timestamp="20230118 12:31:55.734" level="INFO">Element '//img[@src='https://images-na.ssl-images-amazon.com/images/G/32/BR-hq/2021/img/Consumer_Electronics/Storefronts/Electronics/956.Storefront_categoria_computadores_icons_240x270.jpg']' is displayed.</msg>
<status status="PASS" starttime="20230118 12:31:55.238" endtime="20230118 12:31:55.734"/>
</kw>
<status status="PASS" starttime="20230118 12:31:55.238" endtime="20230118 12:31:55.734"/>
</kw>
<status status="PASS" starttime="20230118 12:31:55.238" endtime="20230118 12:31:55.735"/>
</kw>
<kw name="Fechar o navegador" library="amazon_resources" type="TEARDOWN">
<kw name="Capture Page Screenshot" library="SeleniumLibrary">
<doc>Takes a screenshot of the current page and embeds it into a log file.</doc>
<msg timestamp="20230118 12:31:56.288" level="INFO" html="true">&lt;/td&gt;&lt;/tr&gt;&lt;tr&gt;&lt;td colspan="3"&gt;&lt;a href="selenium-screenshot-61.png"&gt;&lt;img src="selenium-screenshot-61.png" width="800px"&gt;&lt;/a&gt;</msg>
<status status="PASS" starttime="20230118 12:31:55.736" endtime="20230118 12:31:56.289"/>
</kw>
<kw name="Close Browser" library="SeleniumLibrary">
<doc>Closes the current browser.</doc>
<status status="PASS" starttime="20230118 12:31:56.289" endtime="20230118 12:31:58.754"/>
</kw>
<status status="PASS" starttime="20230118 12:31:55.736" endtime="20230118 12:31:58.754"/>
</kw>
<doc>Esse teste verifica o menu eletronico do site Amazon.com.br
e verifica a categoria Computadores e Informática</doc>
<tag>categorias</tag>
<tag>menus</tag>
<status status="PASS" starttime="20230118 12:31:46.950" endtime="20230118 12:31:58.755"/>
</test>
<doc>Essa testa o site da Amazon.com.br</doc>
<status status="PASS" starttime="20230118 12:31:46.703" endtime="20230118 12:31:58.761"/>
</suite>
<statistics>
<total>
<stat pass="1" fail="0" skip="0">All Tests</stat>
</total>
<tag>
<stat pass="1" fail="0" skip="0">categorias</stat>
<stat pass="1" fail="0" skip="0">menus</stat>
</tag>
<suite>
<stat pass="1" fail="0" skip="0" id="s1" name="Amazon Testes Gherkin Bdd">Amazon Testes Gherkin Bdd</stat>
</suite>
</statistics>
<errors>
</errors>
</robot>
